============================= test session starts =============================
platform win32 -- Python 3.14.0, pytest-9.0.2, pluggy-1.6.0
rootdir: C:\Users\mark_\Desktop\Manic-AI
plugins: anyio-4.12.1, asyncio-1.3.0, cov-7.0.0
asyncio: mode=Mode.STRICT, debug=False, asyncio_default_fixture_loop_scope=None, asyncio_default_test_loop_scope=function
collected 374 items / 11 errors

=================================== ERRORS ====================================
_______________ ERROR collecting api/tests/test_agent_graph.py ________________
api\tests\test_agent_graph.py:8: in <module>
    from api.services.agent_graph import _save_state, _load_state
api\services\agent_graph.py:19: in <module>
    from api.config import settings
api\config.py:185: in <module>
    settings = Settings()
               ^^^^^^^^^^
..\..\AppData\Local\Programs\Python\Python314\Lib\site-packages\pydantic_settings\main.py:242: in __init__
    super().__init__(**__pydantic_self__.__class__._settings_build_values(sources, init_kwargs))
E   pydantic_core._pydantic_core.ValidationError: 2 validation errors for Settings
E   SUPABASE_DB_URL
E     Value error, SUPABASE_DB_URL is required but not set. Set it to postgresql://<user>:<password>@<host>:5432/<db> or ensure POSTGRES_USER, POSTGRES_PASSWORD, and POSTGRES_DB are defined. [type=value_error, input_value='', input_type=str]
E       For further information visit https://errors.pydantic.dev/2.12/v/value_error
E   API_SECRET_KEY
E     Value error, API_SECRET_KEY is required but not set. Set a strong random value (e.g. openssl rand -hex 32) or set ALLOW_UNAUTHENTICATED=true to disable authentication (development only). [type=value_error, input_value='', input_type=str]
E       For further information visit https://errors.pydantic.dev/2.12/v/value_error
________________ ERROR collecting api/tests/test_chat_pure.py _________________
api\tests\test_chat_pure.py:3: in <module>
    from api.services.chat import _build_citations, build_rag_prompt
api\services\chat.py:12: in <module>
    from api.config import settings
api\config.py:185: in <module>
    settings = Settings()
               ^^^^^^^^^^
..\..\AppData\Local\Programs\Python\Python314\Lib\site-packages\pydantic_settings\main.py:242: in __init__
    super().__init__(**__pydantic_self__.__class__._settings_build_values(sources, init_kwargs))
E   pydantic_core._pydantic_core.ValidationError: 2 validation errors for Settings
E   SUPABASE_DB_URL
E     Value error, SUPABASE_DB_URL is required but not set. Set it to postgresql://<user>:<password>@<host>:5432/<db> or ensure POSTGRES_USER, POSTGRES_PASSWORD, and POSTGRES_DB are defined. [type=value_error, input_value='', input_type=str]
E       For further information visit https://errors.pydantic.dev/2.12/v/value_error
E   API_SECRET_KEY
E     Value error, API_SECRET_KEY is required but not set. Set a strong random value (e.g. openssl rand -hex 32) or set ALLOW_UNAUTHENTICATED=true to disable authentication (development only). [type=value_error, input_value='', input_type=str]
E       For further information visit https://errors.pydantic.dev/2.12/v/value_error
__________________ ERROR collecting api/tests/test_config.py __________________
..\..\AppData\Local\Programs\Python\Python314\Lib\importlib\__init__.py:88: in import_module
    return _bootstrap._gcd_import(name[level:], package, level)
           ^^^^^^^^^^^^^^^^^^^^^^^^^^^^^^^^^^^^^^^^^^^^^^^^^^^^
<frozen importlib._bootstrap>:1398: in _gcd_import
    ???
<frozen importlib._bootstrap>:1371: in _find_and_load
    ???
<frozen importlib._bootstrap>:1342: in _find_and_load_unlocked
    ???
<frozen importlib._bootstrap>:938: in _load_unlocked
    ???
..\..\AppData\Local\Programs\Python\Python314\Lib\site-packages\_pytest\assertion\rewrite.py:197: in exec_module
    exec(co, module.__dict__)
api\tests\test_config.py:6: in <module>
    from api.config import Settings
api\config.py:185: in <module>
    settings = Settings()
               ^^^^^^^^^^
..\..\AppData\Local\Programs\Python\Python314\Lib\site-packages\pydantic_settings\main.py:242: in __init__
    super().__init__(**__pydantic_self__.__class__._settings_build_values(sources, init_kwargs))
E   pydantic_core._pydantic_core.ValidationError: 2 validation errors for Settings
E   SUPABASE_DB_URL
E     Value error, SUPABASE_DB_URL is required but not set. Set it to postgresql://<user>:<password>@<host>:5432/<db> or ensure POSTGRES_USER, POSTGRES_PASSWORD, and POSTGRES_DB are defined. [type=value_error, input_value='', input_type=str]
E       For further information visit https://errors.pydantic.dev/2.12/v/value_error
E   API_SECRET_KEY
E     Value error, API_SECRET_KEY is required but not set. Set a strong random value (e.g. openssl rand -hex 32) or set ALLOW_UNAUTHENTICATED=true to disable authentication (development only). [type=value_error, input_value='', input_type=str]
E       For further information visit https://errors.pydantic.dev/2.12/v/value_error
_____________ ERROR collecting api/tests/test_context_enricher.py _____________
api\tests\test_context_enricher.py:8: in <module>
    from api.services.context_enricher import enrich_chunk, enrich_chunks_batch
api\services\context_enricher.py:17: in <module>
    from api.config import settings
api\config.py:185: in <module>
    settings = Settings()
               ^^^^^^^^^^
..\..\AppData\Local\Programs\Python\Python314\Lib\site-packages\pydantic_settings\main.py:242: in __init__
    super().__init__(**__pydantic_self__.__class__._settings_build_values(sources, init_kwargs))
E   pydantic_core._pydantic_core.ValidationError: 2 validation errors for Settings
E   SUPABASE_DB_URL
E     Value error, SUPABASE_DB_URL is required but not set. Set it to postgresql://<user>:<password>@<host>:5432/<db> or ensure POSTGRES_USER, POSTGRES_PASSWORD, and POSTGRES_DB are defined. [type=value_error, input_value='', input_type=str]
E       For further information visit https://errors.pydantic.dev/2.12/v/value_error
E   API_SECRET_KEY
E     Value error, API_SECRET_KEY is required but not set. Set a strong random value (e.g. openssl rand -hex 32) or set ALLOW_UNAUTHENTICATED=true to disable authentication (development only). [type=value_error, input_value='', input_type=str]
E       For further information visit https://errors.pydantic.dev/2.12/v/value_error
______________ ERROR collecting api/tests/test_cross_encoder.py _______________
api\tests\test_cross_encoder.py:3: in <module>
    from api.services.cross_encoder import _build_passages_text, _parse_scores
api\services\cross_encoder.py:15: in <module>
    from api.config import settings
api\config.py:185: in <module>
    settings = Settings()
               ^^^^^^^^^^
..\..\AppData\Local\Programs\Python\Python314\Lib\site-packages\pydantic_settings\main.py:242: in __init__
    super().__init__(**__pydantic_self__.__class__._settings_build_values(sources, init_kwargs))
E   pydantic_core._pydantic_core.ValidationError: 2 validation errors for Settings
E   SUPABASE_DB_URL
E     Value error, SUPABASE_DB_URL is required but not set. Set it to postgresql://<user>:<password>@<host>:5432/<db> or ensure POSTGRES_USER, POSTGRES_PASSWORD, and POSTGRES_DB are defined. [type=value_error, input_value='', input_type=str]
E       For further information visit https://errors.pydantic.dev/2.12/v/value_error
E   API_SECRET_KEY
E     Value error, API_SECRET_KEY is required but not set. Set a strong random value (e.g. openssl rand -hex 32) or set ALLOW_UNAUTHENTICATED=true to disable authentication (development only). [type=value_error, input_value='', input_type=str]
E       For further information visit https://errors.pydantic.dev/2.12/v/value_error
________________ ERROR collecting api/tests/test_guardrails.py ________________
api\tests\test_guardrails.py:5: in <module>
    from api.middleware.guardrails import (
api\middleware\guardrails.py:13: in <module>
    from api.config import settings
api\config.py:185: in <module>
    settings = Settings()
               ^^^^^^^^^^
..\..\AppData\Local\Programs\Python\Python314\Lib\site-packages\pydantic_settings\main.py:242: in __init__
    super().__init__(**__pydantic_self__.__class__._settings_build_values(sources, init_kwargs))
E   pydantic_core._pydantic_core.ValidationError: 2 validation errors for Settings
E   SUPABASE_DB_URL
E     Value error, SUPABASE_DB_URL is required but not set. Set it to postgresql://<user>:<password>@<host>:5432/<db> or ensure POSTGRES_USER, POSTGRES_PASSWORD, and POSTGRES_DB are defined. [type=value_error, input_value='', input_type=str]
E       For further information visit https://errors.pydantic.dev/2.12/v/value_error
E   API_SECRET_KEY
E     Value error, API_SECRET_KEY is required but not set. Set a strong random value (e.g. openssl rand -hex 32) or set ALLOW_UNAUTHENTICATED=true to disable authentication (development only). [type=value_error, input_value='', input_type=str]
E       For further information visit https://errors.pydantic.dev/2.12/v/value_error
_________ ERROR collecting api/tests/test_guardrails_parametrized.py __________
api\tests\test_guardrails_parametrized.py:5: in <module>
    from api.middleware.guardrails import score_injection
api\middleware\guardrails.py:13: in <module>
    from api.config import settings
api\config.py:185: in <module>
    settings = Settings()
               ^^^^^^^^^^
..\..\AppData\Local\Programs\Python\Python314\Lib\site-packages\pydantic_settings\main.py:242: in __init__
    super().__init__(**__pydantic_self__.__class__._settings_build_values(sources, init_kwargs))
E   pydantic_core._pydantic_core.ValidationError: 2 validation errors for Settings
E   SUPABASE_DB_URL
E     Value error, SUPABASE_DB_URL is required but not set. Set it to postgresql://<user>:<password>@<host>:5432/<db> or ensure POSTGRES_USER, POSTGRES_PASSWORD, and POSTGRES_DB are defined. [type=value_error, input_value='', input_type=str]
E       For further information visit https://errors.pydantic.dev/2.12/v/value_error
E   API_SECRET_KEY
E     Value error, API_SECRET_KEY is required but not set. Set a strong random value (e.g. openssl rand -hex 32) or set ALLOW_UNAUTHENTICATED=true to disable authentication (development only). [type=value_error, input_value='', input_type=str]
E       For further information visit https://errors.pydantic.dev/2.12/v/value_error
______________ ERROR collecting api/tests/test_ollama_service.py ______________
api\tests\test_ollama_service.py:5: in <module>
    from api.services.ollama import validate_model_name
api\services\ollama.py:9: in <module>
    from api.config import settings
api\config.py:185: in <module>
    settings = Settings()
               ^^^^^^^^^^
..\..\AppData\Local\Programs\Python\Python314\Lib\site-packages\pydantic_settings\main.py:242: in __init__
    super().__init__(**__pydantic_self__.__class__._settings_build_values(sources, init_kwargs))
E   pydantic_core._pydantic_core.ValidationError: 2 validation errors for Settings
E   SUPABASE_DB_URL
E     Value error, SUPABASE_DB_URL is required but not set. Set it to postgresql://<user>:<password>@<host>:5432/<db> or ensure POSTGRES_USER, POSTGRES_PASSWORD, and POSTGRES_DB are defined. [type=value_error, input_value='', input_type=str]
E       For further information visit https://errors.pydantic.dev/2.12/v/value_error
E   API_SECRET_KEY
E     Value error, API_SECRET_KEY is required but not set. Set a strong random value (e.g. openssl rand -hex 32) or set ALLOW_UNAUTHENTICATED=true to disable authentication (development only). [type=value_error, input_value='', input_type=str]
E       For further information visit https://errors.pydantic.dev/2.12/v/value_error
_______________ ERROR collecting api/tests/test_rag_service.py ________________
api\tests\test_rag_service.py:8: in <module>
    from api.services.rag import check_service
api\services\rag.py:16: in <module>
    from api.config import settings
api\config.py:185: in <module>
    settings = Settings()
               ^^^^^^^^^^
..\..\AppData\Local\Programs\Python\Python314\Lib\site-packages\pydantic_settings\main.py:242: in __init__
    super().__init__(**__pydantic_self__.__class__._settings_build_values(sources, init_kwargs))
E   pydantic_core._pydantic_core.ValidationError: 2 validation errors for Settings
E   SUPABASE_DB_URL
E     Value error, SUPABASE_DB_URL is required but not set. Set it to postgresql://<user>:<password>@<host>:5432/<db> or ensure POSTGRES_USER, POSTGRES_PASSWORD, and POSTGRES_DB are defined. [type=value_error, input_value='', input_type=str]
E       For further information visit https://errors.pydantic.dev/2.12/v/value_error
E   API_SECRET_KEY
E     Value error, API_SECRET_KEY is required but not set. Set a strong random value (e.g. openssl rand -hex 32) or set ALLOW_UNAUTHENTICATED=true to disable authentication (development only). [type=value_error, input_value='', input_type=str]
E       For further information visit https://errors.pydantic.dev/2.12/v/value_error
_________________ ERROR collecting api/tests/test_reranker.py _________________
api\tests\test_reranker.py:9: in <module>
    from api.services.reranker import rerank_chunks, _score_chunk
api\services\reranker.py:22: in <module>
    from api.config import settings
api\config.py:185: in <module>
    settings = Settings()
               ^^^^^^^^^^
..\..\AppData\Local\Programs\Python\Python314\Lib\site-packages\pydantic_settings\main.py:242: in __init__
    super().__init__(**__pydantic_self__.__class__._settings_build_values(sources, init_kwargs))
E   pydantic_core._pydantic_core.ValidationError: 2 validation errors for Settings
E   SUPABASE_DB_URL
E     Value error, SUPABASE_DB_URL is required but not set. Set it to postgresql://<user>:<password>@<host>:5432/<db> or ensure POSTGRES_USER, POSTGRES_PASSWORD, and POSTGRES_DB are defined. [type=value_error, input_value='', input_type=str]
E       For further information visit https://errors.pydantic.dev/2.12/v/value_error
E   API_SECRET_KEY
E     Value error, API_SECRET_KEY is required but not set. Set a strong random value (e.g. openssl rand -hex 32) or set ALLOW_UNAUTHENTICATED=true to disable authentication (development only). [type=value_error, input_value='', input_type=str]
E       For further information visit https://errors.pydantic.dev/2.12/v/value_error
________________ ERROR collecting api/tests/test_websocket.py _________________
api\tests\test_websocket.py:8: in <module>
    from api.dependencies import get_http_client, get_db_optional
api\dependencies.py:19: in <module>
    from api.config import settings
api\config.py:185: in <module>
    settings = Settings()
               ^^^^^^^^^^
..\..\AppData\Local\Programs\Python\Python314\Lib\site-packages\pydantic_settings\main.py:242: in __init__
    super().__init__(**__pydantic_self__.__class__._settings_build_values(sources, init_kwargs))
E   pydantic_core._pydantic_core.ValidationError: 2 validation errors for Settings
E   SUPABASE_DB_URL
E     Value error, SUPABASE_DB_URL is required but not set. Set it to postgresql://<user>:<password>@<host>:5432/<db> or ensure POSTGRES_USER, POSTGRES_PASSWORD, and POSTGRES_DB are defined. [type=value_error, input_value='', input_type=str]
E       For further information visit https://errors.pydantic.dev/2.12/v/value_error
E   API_SECRET_KEY
E     Value error, API_SECRET_KEY is required but not set. Set a strong random value (e.g. openssl rand -hex 32) or set ALLOW_UNAUTHENTICATED=true to disable authentication (development only). [type=value_error, input_value='', input_type=str]
E       For further information visit https://errors.pydantic.dev/2.12/v/value_error
=========================== short test summary info ===========================
ERROR api/tests/test_agent_graph.py - pydantic_core._pydantic_core.Validation...
ERROR api/tests/test_chat_pure.py - pydantic_core._pydantic_core.ValidationEr...
ERROR api/tests/test_config.py - pydantic_core._pydantic_core.ValidationError...
ERROR api/tests/test_context_enricher.py - pydantic_core._pydantic_core.Valid...
ERROR api/tests/test_cross_encoder.py - pydantic_core._pydantic_core.Validati...
ERROR api/tests/test_guardrails.py - pydantic_core._pydantic_core.ValidationE...
ERROR api/tests/test_guardrails_parametrized.py - pydantic_core._pydantic_cor...
ERROR api/tests/test_ollama_service.py - pydantic_core._pydantic_core.Validat...
ERROR api/tests/test_rag_service.py - pydantic_core._pydantic_core.Validation...
ERROR api/tests/test_reranker.py - pydantic_core._pydantic_core.ValidationErr...
ERROR api/tests/test_websocket.py - pydantic_core._pydantic_core.ValidationEr...
!!!!!!!!!!!!!!!!!! Interrupted: 11 errors during collection !!!!!!!!!!!!!!!!!!!
============================= 11 errors in 1.99s ==============================
